[22:49:09] [Datafixer Bootstrap/INFO]: 269 Datafixer optimizations took 723 milliseconds
[22:49:16] [Render thread/INFO]: Environment: Environment[sessionHost=https://sessionserver.mojang.com, servicesHost=https://api.minecraftservices.com, name=PROD]
[22:49:16] [Render thread/INFO]: Setting user: Fql04hB8Fql04hB8
[22:49:16] [Render thread/INFO]: Backend library: LWJGL version 3.3.3+5
[22:49:17] [Render thread/INFO]: Using optional rendering extensions: GL_ARB_buffer_storage, GL_KHR_debug, GL_ARB_vertex_attrib_binding, GL_ARB_direct_state_access
[22:49:17] [Download-2/ERROR]: Failed to fetch user properties
com.mojang.authlib.exceptions.InvalidCredentialsException: Status: 401
	at com.mojang.authlib.exceptions.MinecraftClientHttpException.toAuthenticationException(MinecraftClientHttpException.java:59) ~[authlib-6.0.58.jar:?]
	at com.mojang.authlib.yggdrasil.YggdrasilUserApiService.fetchProperties(YggdrasilUserApiService.java:150) ~[authlib-6.0.58.jar:?]
	at fue.bP(SourceFile:463) ~[1.21.8.jar:?]
	at java.base/java.util.concurrent.CompletableFuture$AsyncSupply.run(CompletableFuture.java:1768) ~[?:?]
	at java.base/java.util.concurrent.ThreadPoolExecutor.runWorker(ThreadPoolExecutor.java:1144) ~[?:?]
	at java.base/java.util.concurrent.ThreadPoolExecutor$Worker.run(ThreadPoolExecutor.java:642) ~[?:?]
	at java.base/java.lang.Thread.run(Thread.java:1583) [?:?]
Caused by: com.mojang.authlib.exceptions.MinecraftClientHttpException: Status: 401
	at com.mojang.authlib.minecraft.client.MinecraftClient.readInputStream(MinecraftClient.java:103) ~[authlib-6.0.58.jar:?]
	at com.mojang.authlib.minecraft.client.MinecraftClient.get(MinecraftClient.java:56) ~[authlib-6.0.58.jar:?]
	at com.mojang.authlib.yggdrasil.YggdrasilUserApiService.fetchProperties(YggdrasilUserApiService.java:121) ~[authlib-6.0.58.jar:?]
	... 5 more
[22:49:18] [Render thread/INFO]: Reloading ResourceManager: vanilla
[22:49:18] [Worker-Main-10/INFO]: Found unifont_pua-16.0.03.hex, loading
[22:49:18] [Worker-Main-9/INFO]: Found unifont_all_no_pua-16.0.03.hex, loading
[22:49:18] [Download-2/INFO]: Could not authorize you against Realms server: javax.ws.rs.BadRequestException: Invalid session
[22:49:18] [Download-2/ERROR]: Failed to fetch Realms feature flags
fqx: Realms authentication error with message 'javax.ws.rs.BadRequestException: Invalid session'
	at foq.a(SourceFile:538) ~[1.21.8.jar:?]
	at foq.o(SourceFile:191) ~[1.21.8.jar:?]
	at java.base/java.util.concurrent.CompletableFuture$AsyncSupply.run(CompletableFuture.java:1768) ~[?:?]
	at java.base/java.util.concurrent.ThreadPoolExecutor.runWorker(ThreadPoolExecutor.java:1144) ~[?:?]
	at java.base/java.util.concurrent.ThreadPoolExecutor$Worker.run(ThreadPoolExecutor.java:642) ~[?:?]
	at java.base/java.lang.Thread.run(Thread.java:1583) [?:?]
[22:49:19] [Worker-Main-7/INFO]: Found unifont_jp_patch-16.0.03.hex, loading
[22:49:21] [Render thread/INFO]: OpenAL initialized on device OpenAL Soft on Hoparlör (Realtek(R) Audio)
[22:49:21] [Render thread/INFO]: Sound engine started
[22:49:21] [Render thread/INFO]: Created: 1024x512x0 minecraft:textures/atlas/blocks.png-atlas
[22:49:21] [Render thread/INFO]: Created: 256x256x0 minecraft:textures/atlas/signs.png-atlas
[22:49:21] [Render thread/INFO]: Created: 512x512x0 minecraft:textures/atlas/banner_patterns.png-atlas
[22:49:21] [Render thread/INFO]: Created: 512x512x0 minecraft:textures/atlas/shield_patterns.png-atlas
[22:49:21] [Render thread/INFO]: Created: 2048x1024x0 minecraft:textures/atlas/armor_trims.png-atlas
[22:49:21] [Render thread/INFO]: Created: 256x256x0 minecraft:textures/atlas/chest.png-atlas
[22:49:21] [Render thread/INFO]: Created: 128x64x0 minecraft:textures/atlas/decorated_pot.png-atlas
[22:49:21] [Render thread/INFO]: Created: 512x256x0 minecraft:textures/atlas/shulker_boxes.png-atlas
[22:49:21] [Render thread/INFO]: Created: 512x256x0 minecraft:textures/atlas/beds.png-atlas
[22:49:21] [Render thread/INFO]: Created: 64x64x0 minecraft:textures/atlas/map_decorations.png-atlas
[22:49:21] [Render thread/INFO]: Created: 512x256x0 minecraft:textures/atlas/particles.png-atlas
[22:49:21] [Render thread/INFO]: Created: 512x256x0 minecraft:textures/atlas/paintings.png-atlas
[22:49:21] [Render thread/INFO]: Created: 1024x512x0 minecraft:textures/atlas/gui.png-atlas
[22:49:22] [IO-Worker-1/INFO]: Could not authorize you against Realms server: javax.ws.rs.BadRequestException: Invalid session
[22:49:22] [IO-Worker-1/ERROR]: Couldn't connect to realms
fqx: Realms authentication error with message 'javax.ws.rs.BadRequestException: Invalid session'
	at foq.a(SourceFile:538) ~[1.21.8.jar:?]
	at foq.i(SourceFile:318) ~[1.21.8.jar:?]
	at fok.c(SourceFile:51) ~[1.21.8.jar:?]
	at java.base/java.util.concurrent.CompletableFuture$AsyncSupply.run(CompletableFuture.java:1768) ~[?:?]
	at java.base/java.util.concurrent.ThreadPoolExecutor.runWorker(ThreadPoolExecutor.java:1144) ~[?:?]
	at java.base/java.util.concurrent.ThreadPoolExecutor$Worker.run(ThreadPoolExecutor.java:642) ~[?:?]
	at java.base/java.lang.Thread.run(Thread.java:1583) [?:?]
[22:49:31] [Render thread/INFO]: Connecting to localhost, 25565
[22:49:31] [Download-2/ERROR]: Failed to retrieve profile key pair
com.mojang.authlib.exceptions.MinecraftClientHttpException: Status: 401
	at com.mojang.authlib.minecraft.client.MinecraftClient.readInputStream(MinecraftClient.java:103) ~[authlib-6.0.58.jar:?]
	at com.mojang.authlib.minecraft.client.MinecraftClient.post(MinecraftClient.java:64) ~[authlib-6.0.58.jar:?]
	at com.mojang.authlib.yggdrasil.YggdrasilUserApiService.getKeyPair(YggdrasilUserApiService.java:61) ~[authlib-6.0.58.jar:?]
	at grc.a(SourceFile:129) ~[1.21.8.jar:?]
	at grc.b(SourceFile:77) ~[1.21.8.jar:?]
	at java.base/java.util.concurrent.CompletableFuture$AsyncSupply.run(CompletableFuture.java:1768) ~[?:?]
	at java.base/java.util.concurrent.ThreadPoolExecutor.runWorker(ThreadPoolExecutor.java:1144) ~[?:?]
	at java.base/java.util.concurrent.ThreadPoolExecutor$Worker.run(ThreadPoolExecutor.java:642) ~[?:?]
	at java.base/java.lang.Thread.run(Thread.java:1583) [?:?]
[22:49:33] [Render thread/INFO]: Resizing Dynamic Transforms UBO, capacity limit of 2 reached during a single frame. New capacity will be 4.
[22:49:33] [Render thread/INFO]: Resizing Dynamic Transforms UBO, capacity limit of 4 reached during a single frame. New capacity will be 8.
[22:49:33] [Render thread/INFO]: Loaded 2 advancements
[22:49:33] [Render thread/INFO]: Resizing Dynamic Transforms UBO, capacity limit of 8 reached during a single frame. New capacity will be 16.
[22:49:34] [Render thread/INFO]: Resizing Dynamic Transforms UBO, capacity limit of 16 reached during a single frame. New capacity will be 32.
[22:49:34] [Render thread/INFO]: Resizing Dynamic Transforms UBO, capacity limit of 32 reached during a single frame. New capacity will be 64.
[22:49:38] [Render thread/INFO]: Resizing Dynamic Transforms UBO, capacity limit of 64 reached during a single frame. New capacity will be 128.
[22:49:40] [Render thread/INFO]: [Not Secure] [CHAT] <Fql04hB8Fql04hB8> hi
[22:49:42] [Render thread/INFO]: Resizing Dynamic Transforms UBO, capacity limit of 128 reached during a single frame. New capacity will be 256.
[22:49:49] [Render thread/INFO]: Resizing Dynamic Transforms UBO, capacity limit of 256 reached during a single frame. New capacity will be 512.
[22:49:51] [Render thread/INFO]: Resizing Dynamic Transforms UBO, capacity limit of 512 reached during a single frame. New capacity will be 1024.
[22:49:54] [Render thread/INFO]: Resizing Dynamic Transforms UBO, capacity limit of 1024 reached during a single frame. New capacity will be 2048.
[22:49:55] [Render thread/INFO]: [Not Secure] [CHAT] <Fql04hB8Fql04hB8> a
[22:50:25] [Render thread/INFO]: Stopping!
